<?xml version="1.0" encoding="UTF-8"?>
<testsuite name="LegionTestLinked" tests="3" skipped="0" failures="0" errors="0" timestamp="2023-11-18T18:53:19" hostname="ABSOLUTELEE" time="0.003">
  <properties/>
  <testcase name="test4()" classname="LegionTestLinked" time="0.001"/>
  <testcase name="test5()" classname="LegionTestLinked" time="0.0"/>
  <testcase name="test6()" classname="LegionTestLinked" time="0.001"/>
  <system-out><![CDATA[]]></system-out>
  <system-err><![CDATA[]]></system-err>
</testsuite>
